<?xml version="1.0" encoding="UTF-8"?>
<!-- Generated by org.testng.reporters.JUnitReportReporter -->
<testsuite hostname="BDC7-L-GHV3V93" failures="0" tests="1" name="MainTest.ACtionsMouseOver" time="11.264" errors="0" timestamp="2022-03-08T11:09:34 IST" skipped="0">
  <testcase classname="MainTest.ACtionsMouseOver" name="testMouseAction" time="11.264"/>
  <system-out/>
</testsuite> <!-- MainTest.ACtionsMouseOver -->
