<?xml version="1.0" encoding="UTF-8"?>
<!-- Generated by org.testng.reporters.JUnitReportReporter -->
<testsuite hostname="BDC7-L-GHV3V93" failures="0" tests="1" name="MainTest.excelReadWrite" time="1.443" errors="0" timestamp="2022-03-09T10:03:48 IST" skipped="0">
  <testcase classname="MainTest.excelReadWrite" name="readexcel" time="1.443"/>
  <system-out/>
</testsuite> <!-- MainTest.excelReadWrite -->
