<?xml version="1.0" encoding="UTF-8"?>
<!-- Generated by org.testng.reporters.JUnitReportReporter -->
<testsuite hostname="BDC7-L-GHV3V93" failures="0" tests="1"
	name="MainTest.Browser$NewTest2" time="16.866" errors="0"
	timestamp="2022-03-08T09:40:33 IST" skipped="0">
	<testcase classname="MainTest.Browser$NewTest2"
		name="openChrome" time="16.866" />
	<system-out />
</testsuite> <!-- MainTest.Browser$NewTest2 -->
