<?xml version="1.0" encoding="UTF-8"?>
<!-- Generated by org.testng.reporters.JUnitReportReporter -->
<testsuite hostname="BDC7-L-GHV3V93" failures="0" tests="1" name="MainTest.readExcelLoginWrite" time="10.044" errors="0" timestamp="2022-03-09T11:31:01 IST" skipped="0">
  <testcase classname="MainTest.readExcelLoginWrite" name="readExcel" time="10.044"/>
  <system-out/>
</testsuite> <!-- MainTest.readExcelLoginWrite -->
